Sun Jan 21 23:54:00 CET 2024
Mon Jan 22 23:54:05 CET 2024
Tue Jan 23 23:54:05 CET 2024
Wed Jan 24 23:54:01 CET 2024
Thu Jan 25 23:54:05 CET 2024
Fri Jan 26 23:54:06 CET 2024
Sat Jan 27 23:54:01 CET 2024
Sun Jan 28 23:54:05 CET 2024
Mon Jan 29 23:54:06 CET 2024
Tue Jan 30 19:34:00 CET 2024
Tue Jan 30 19:34:10 CET 2024
Tue Jan 30 19:34:20 CET 2024
Tue Jan 30 19:34:30 CET 2024
Tue Jan 30 19:34:40 CET 2024
Tue Jan 30 19:34:50 CET 2024
Tue Jan 30 19:35:00 CET 2024
Tue Jan 30 23:54:00 CET 2024
Wed Jan 31 23:54:04 CET 2024
Thu Feb  1 23:54:07 CET 2024
Fri Feb  2 23:54:08 CET 2024
Sat Feb  3 23:54:04 CET 2024
Sun Feb  4 23:54:01 CET 2024
Mon Feb  5 23:54:09 CET 2024
Tue Feb  6 23:54:04 CET 2024
Wed Feb  7 23:54:06 CET 2024
Thu Feb  8 23:54:09 CET 2024
Fri Feb  9 23:54:08 CET 2024
Sat Feb 10 23:54:08 CET 2024
Wed Feb 14 23:54:09 CET 2024
Fri Feb 16 23:54:06 CET 2024
Sat Feb 17 23:54:09 CET 2024
Sun Feb 18 23:54:06 CET 2024
Mon Feb 19 23:54:02 CET 2024
Tue Feb 20 23:54:05 CET 2024
Wed Feb 21 23:54:02 CET 2024
Thu Feb 22 23:54:02 CET 2024
Fri Feb 23 23:54:08 CET 2024
Sat Feb 24 23:54:07 CET 2024
Sun Feb 25 23:54:08 CET 2024
Mon Feb 26 23:54:08 CET 2024
Tue Feb 27 23:54:06 CET 2024
Wed Feb 28 23:54:03 CET 2024
Thu Feb 29 23:54:07 CET 2024
Fri Mar  1 23:54:07 CET 2024
Sat Mar  2 23:54:04 CET 2024
Mon Mar  4 23:54:05 CET 2024
Thu Mar  7 23:54:07 CET 2024
Tue Mar 12 23:54:09 CET 2024
Wed Mar 13 23:54:03 CET 2024
Thu Mar 14 23:54:02 CET 2024
Sat Mar 16 23:54:08 CET 2024
Sun Mar 17 23:54:07 CET 2024
Mon Mar 18 23:54:05 CET 2024
Tue Mar 19 23:54:00 CET 2024
Wed Mar 20 23:54:05 CET 2024
Thu Mar 21 23:54:05 CET 2024
Fri Mar 22 23:54:09 CET 2024
Sat Mar 23 23:54:02 CET 2024
Sun Mar 24 23:54:02 CET 2024
Mon Mar 25 23:54:06 CET 2024
Tue Mar 26 23:54:00 CET 2024
